<?xml version="1.0" encoding="UTF-8"?>
<!-- Generated by org.testng.reporters.JUnitReportReporter -->
<testsuite skipped="0" hostname="LAPTOP-AN4B15DH" name="tests.ViewMyFormsFilterTest" tests="1" failures="0" timestamp="2023-06-06T22:59:35 IDT" time="6.421" errors="0">
  <testcase name="return_result" time="6.421" classname="tests.ViewMyFormsFilterTest"/>
  <system-out/>
</testsuite> <!-- tests.ViewMyFormsFilterTest -->
