<?xml version="1.0" encoding="UTF-8"?>
<!-- Generated by org.testng.reporters.JUnitReportReporter -->
<testsuite skipped="0" hostname="LAPTOP-AN4B15DH" name="tests.NewEventTest" tests="1" failures="0" timestamp="2023-06-06T23:56:43 IDT" time="6.456" errors="0">
  <testcase name="createNewEvent" time="6.456" classname="tests.NewEventTest"/>
  <system-out/>
</testsuite> <!-- tests.NewEventTest -->
