<?xml version="1.0" encoding="UTF-8"?>
<!-- Generated by org.testng.reporters.JUnitReportReporter -->
<testsuite skipped="0" hostname="LAPTOP-AN4B15DH" name="tests.LoginTest" tests="2" failures="0" timestamp="2023-06-07T21:26:08 IDT" time="3.574" errors="0">
  <testcase name="login_failure" time="0.806" classname="tests.LoginTest"/>
  <system-out/>
  <testcase name="login_success" time="2.768" classname="tests.LoginTest"/>
  <system-out/>
</testsuite> <!-- tests.LoginTest -->
