<?xml version="1.0" encoding="UTF-8"?>
<!-- Generated by org.testng.reporters.JUnitReportReporter -->
<testsuite skipped="0" hostname="LAPTOP-AN4B15DH" name="tests.ForgotPasswordTest" tests="2" failures="0" timestamp="2023-06-06T23:31:15 IDT" time="1.134" errors="0">
  <testcase name="forgotPassword_click" time="0.623" classname="tests.ForgotPasswordTest"/>
  <system-out/>
  <testcase name="Instructions" time="0.511" classname="tests.ForgotPasswordTest"/>
  <system-out/>
</testsuite> <!-- tests.ForgotPasswordTest -->
