<?xml version="1.0" encoding="UTF-8"?>
<!-- Generated by org.testng.reporters.JUnitReportReporter -->
<testsuite skipped="0" hostname="LAPTOP-AN4B15DH" name="tests.SearchAllTest" tests="2" failures="0" timestamp="2023-06-06T23:00:37 IDT" time="6.583" errors="0">
  <testcase name="open_searchall" time="3.644" classname="tests.SearchAllTest"/>
  <system-out/>
  <testcase name="search_result" time="2.939" classname="tests.SearchAllTest"/>
  <system-out/>
</testsuite> <!-- tests.SearchAllTest -->
