<?xml version="1.0" encoding="UTF-8"?>
<!-- Generated by org.testng.reporters.JUnitReportReporter -->
<testsuite skipped="0" hostname="LAPTOP-AN4B15DH" name="tests.AccountTest" tests="2" failures="0" timestamp="2023-06-06T23:22:57 IDT" time="6.433" errors="0">
  <testcase name="open_account" time="2.945" classname="tests.AccountTest"/>
  <system-out/>
  <testcase name="filling_form" time="3.488" classname="tests.AccountTest"/>
  <system-out/>
</testsuite> <!-- tests.AccountTest -->
