<?xml version="1.0" encoding="UTF-8"?>
<!-- Generated by org.testng.reporters.JUnitReportReporter -->
<testsuite skipped="0" hostname="LAPTOP-AN4B15DH" name="tests.ViewMyFormsFilterTest" tests="1" failures="0" timestamp="2023-06-25T10:10:31 IDT" time="7.579" errors="0">
  <testcase name="return_result" time="7.579" classname="tests.ViewMyFormsFilterTest"/>
  <system-out/>
</testsuite> <!-- tests.ViewMyFormsFilterTest -->
