<?xml version="1.0" encoding="UTF-8"?>
<!-- Generated by org.testng.reporters.JUnitReportReporter -->
<testsuite skipped="0" hostname="LAPTOP-AN4B15DH" name="tests.ForgotPasswordTest" tests="2" failures="0" timestamp="2023-06-25T10:10:31 IDT" time="1.383" errors="0">
  <testcase name="forgotPassword_click" time="0.763" classname="tests.ForgotPasswordTest"/>
  <system-out/>
  <testcase name="Instructions" time="0.620" classname="tests.ForgotPasswordTest"/>
  <system-out/>
</testsuite> <!-- tests.ForgotPasswordTest -->
