<?xml version="1.0" encoding="UTF-8"?>
<!-- Generated by org.testng.reporters.JUnitReportReporter -->
<testsuite skipped="0" hostname="LAPTOP-AN4B15DH" name="tests.LoginTest" tests="2" failures="0" timestamp="2023-06-25T10:10:31 IDT" time="4.289" errors="0">
  <testcase name="login_failure" time="1.098" classname="tests.LoginTest"/>
  <system-out/>
  <testcase name="login_success" time="3.191" classname="tests.LoginTest"/>
  <system-out/>
</testsuite> <!-- tests.LoginTest -->
