<?xml version="1.0" encoding="UTF-8"?>
<!-- Generated by org.testng.reporters.JUnitReportReporter -->
<testsuite skipped="0" hostname="LAPTOP-AN4B15DH" name="tests.SearchAllTest" tests="2" failures="0" timestamp="2023-06-25T10:10:31 IDT" time="10.117" errors="0">
  <testcase name="open_searchall" time="5.977" classname="tests.SearchAllTest"/>
  <system-out/>
  <testcase name="search_result" time="4.140" classname="tests.SearchAllTest"/>
  <system-out/>
</testsuite> <!-- tests.SearchAllTest -->
