<?xml version="1.0" encoding="UTF-8"?>
<!-- Generated by org.testng.reporters.JUnitReportReporter -->
<testsuite skipped="0" hostname="LAPTOP-AN4B15DH" name="tests.AccountTest" tests="2" failures="0" timestamp="2023-06-25T10:10:31 IDT" time="6.955" errors="0">
  <testcase name="open_account" time="3.337" classname="tests.AccountTest"/>
  <system-out/>
  <testcase name="filling_form" time="3.618" classname="tests.AccountTest"/>
  <system-out/>
</testsuite> <!-- tests.AccountTest -->
